Copyright 1986-2022 Xilinx, Inc. All Rights Reserved.
-------------------------------------------------------------------------------------
| Tool Version : Vivado v.2022.2 (win64) Build 3671981 Fri Oct 14 05:00:03 MDT 2022
| Date         : Wed Mar 15 12:53:29 2023
| Host         : DESKTOP-7RTSPLO running 64-bit major release  (build 9200)
| Command      : report_control_sets -verbose -file au_top_0_control_sets_placed.rpt
| Design       : au_top_0
| Device       : xc7a35t
-------------------------------------------------------------------------------------

Control Set Information

Table of Contents
-----------------
1. Summary
2. Histogram
3. Flip-Flop Distribution
4. Detailed Control Set Information

1. Summary
----------

+----------------------------------------------------------+-------+
|                          Status                          | Count |
+----------------------------------------------------------+-------+
| Total control sets                                       |    10 |
|    Minimum number of control sets                        |    10 |
|    Addition due to synthesis replication                 |     0 |
|    Addition due to physical synthesis replication        |     0 |
| Unused register locations in slices containing registers |    33 |
+----------------------------------------------------------+-------+
* Control sets can be merged at opt_design using control_set_merge or merge_equivalent_drivers
** Run report_qor_suggestions for automated merging and remapping suggestions


2. Histogram
------------

+--------------------+-------+
|       Fanout       | Count |
+--------------------+-------+
| Total control sets |    10 |
| >= 0 to < 4        |     0 |
| >= 4 to < 6        |     1 |
| >= 6 to < 8        |     1 |
| >= 8 to < 10       |     0 |
| >= 10 to < 12      |     0 |
| >= 12 to < 14      |     0 |
| >= 14 to < 16      |     0 |
| >= 16              |     8 |
+--------------------+-------+
* Control sets can be remapped at either synth_design or opt_design


3. Flip-Flop Distribution
-------------------------

+--------------+-----------------------+------------------------+-----------------+--------------+
| Clock Enable | Synchronous Set/Reset | Asynchronous Set/Reset | Total Registers | Total Slices |
+--------------+-----------------------+------------------------+-----------------+--------------+
| No           | No                    | No                     |              17 |            6 |
| No           | No                    | Yes                    |               0 |            0 |
| No           | Yes                   | No                     |               4 |            3 |
| Yes          | No                    | No                     |               0 |            0 |
| Yes          | No                    | Yes                    |               0 |            0 |
| Yes          | Yes                   | No                     |             138 |           47 |
+--------------+-----------------------+------------------------+-----------------+--------------+


4. Detailed Control Set Information
-----------------------------------

+----------------+------------------------------------------------------+-------------------------------------------------------+------------------+----------------+--------------+
|  Clock Signal  |                     Enable Signal                    |                    Set/Reset Signal                   | Slice Load Count | Bel Load Count | Bels / Slice |
+----------------+------------------------------------------------------+-------------------------------------------------------+------------------+----------------+--------------+
|  clk_IBUF_BUFG |                                                      | reset_cond/M_reset_cond_in                            |                3 |              4 |         1.33 |
|  clk_IBUF_BUFG | alu/M_k_result_q[5]_i_1_n_0                          | reset_cond/Q[0]                                       |                1 |              6 |         6.00 |
|  clk_IBUF_BUFG | alu/alu/multiplyUnit/E[0]                            | reset_cond/Q[0]                                       |                6 |             16 |         2.67 |
|  clk_IBUF_BUFG | alu/alu/multiplyUnit/M_last_q_reg[0]                 | reset_cond/Q[0]                                       |               10 |             16 |         1.60 |
|  clk_IBUF_BUFG |                                                      |                                                       |                6 |             17 |         2.83 |
|  clk_IBUF_BUFG | buttoncond_gen_0[0].buttoncond/E[0]                  | reset_cond/Q[0]                                       |               10 |             20 |         2.00 |
|  clk_IBUF_BUFG | buttoncond_gen_0[1].buttoncond/M_ctr_q[0]_i_2__2_n_0 | buttoncond_gen_0[1].buttoncond/sync/M_pipe_q_reg[1]_0 |                5 |             20 |         4.00 |
|  clk_IBUF_BUFG | buttoncond_gen_0[2].buttoncond/M_ctr_q[0]_i_2__1_n_0 | buttoncond_gen_0[2].buttoncond/sync/M_pipe_q_reg[1]_0 |                5 |             20 |         4.00 |
|  clk_IBUF_BUFG | buttoncond_gen_0[4].buttoncond/sel                   | buttoncond_gen_0[4].buttoncond/sync/clear             |                5 |             20 |         4.00 |
|  clk_IBUF_BUFG | buttoncond_gen_0[0].buttoncond/M_ctr_q[0]_i_2_n_0    | buttoncond_gen_0[0].buttoncond/sync/M_pipe_q_reg[1]_0 |                5 |             20 |         4.00 |
+----------------+------------------------------------------------------+-------------------------------------------------------+------------------+----------------+--------------+


